C:\ENTWICKLUNG\SVN\AVPRG\PRIVATE\W4\WIN\DEBUG\AUFGABEN4.EXE
C:\ENTWICKLUNG\SVN\AVPRG\PRIVATE\W4\WIN\DEBUG\AUFGABEN4.EXE.EMBED.MANIFEST
C:\ENTWICKLUNG\SVN\AVPRG\PRIVATE\W4\WIN\DEBUG\AUFGABEN4.EXE.EMBED.MANIFEST.RES
C:\ENTWICKLUNG\SVN\AVPRG\PRIVATE\W4\WIN\DEBUG\AUFGABEN4.EXE.INTERMEDIATE.MANIFEST
C:\ENTWICKLUNG\SVN\AVPRG\PRIVATE\W4\WIN\DEBUG\AUFGABEN4.ILK
C:\ENTWICKLUNG\SVN\AVPRG\PRIVATE\W4\WIN\DEBUG\AUFGABEN4.PDB
C:\Entwicklung\svn\avprg\private\w4\win\Debug\Aufgaben4_manifest.rc
C:\ENTWICKLUNG\SVN\AVPRG\PRIVATE\W4\WIN\DEBUG\BACKGROUNDSUBTRACTION.OBJ
C:\Entwicklung\svn\avprg\private\w4\win\Debug\cl.command.1.tlog
C:\Entwicklung\svn\avprg\private\w4\win\Debug\CL.read.1.tlog
C:\Entwicklung\svn\avprg\private\w4\win\Debug\CL.write.1.tlog
C:\ENTWICKLUNG\SVN\AVPRG\PRIVATE\W4\WIN\DEBUG\COLORKEYING.OBJ
C:\ENTWICKLUNG\SVN\AVPRG\PRIVATE\W4\WIN\DEBUG\CROSS.OBJ
C:\Entwicklung\svn\avprg\private\w4\win\Debug\link.command.1.tlog
C:\Entwicklung\svn\avprg\private\w4\win\Debug\link.read.1.tlog
C:\Entwicklung\svn\avprg\private\w4\win\Debug\link.write.1.tlog
C:\Entwicklung\svn\avprg\private\w4\win\Debug\link-cvtres.read.1.tlog
C:\Entwicklung\svn\avprg\private\w4\win\Debug\link-cvtres.write.1.tlog
C:\ENTWICKLUNG\SVN\AVPRG\PRIVATE\W4\WIN\DEBUG\MAIN.OBJ
C:\Entwicklung\svn\avprg\private\w4\win\Debug\mt.command.1.tlog
C:\Entwicklung\svn\avprg\private\w4\win\Debug\mt.read.1.tlog
C:\Entwicklung\svn\avprg\private\w4\win\Debug\mt.write.1.tlog
C:\Entwicklung\svn\avprg\private\w4\win\Debug\rc.command.1.tlog
C:\Entwicklung\svn\avprg\private\w4\win\Debug\rc.read.1.tlog
C:\Entwicklung\svn\avprg\private\w4\win\Debug\rc.write.1.tlog
C:\Entwicklung\svn\avprg\private\w4\win\Debug\vc100.idb
C:\ENTWICKLUNG\SVN\AVPRG\PRIVATE\W4\WIN\DEBUG\VC100.PDB
