Der Buildvorgang wurde am 10/14/2013 11:19:01 AM gestartet.
     1>Projekt "C:\Entwicklung\svn\avprg\private\w4\win\Aufgaben4.vcxproj" auf Knoten "2", build Ziel(e).
     1>InitializeBuildStatus:
         Aktualisieren des Timestamps von "Debug\Aufgaben4.unsuccessfulbuild".
       ClCompile:
         c:\Program Files\Microsoft Visual Studio 10.0\VC\bin\CL.exe /c /ZI /nologo /W3 /WX- /Od /Oy- /D WIN32 /D _DEBUG /D _CONSOLE /D _UNICODE /D UNICODE /Gm /EHsc /RTC1 /MDd /GS /fp:precise /Zc:wchar_t /Zc:forScope /Fo"Debug\\" /Fd"Debug\vc100.pdb" /Gd /TP /analyze- /errorReport:prompt ..\source\colorkeying.cpp
         colorkeying.cpp
     1>c:\entwicklung\svn\avprg\private\w4\source\colorkeying.cpp(23): warning C4244: 'Initialisierung': Konvertierung von 'double' in 'int', möglicher Datenverlust
     1>c:\entwicklung\svn\avprg\private\w4\source\colorkeying.cpp(24): warning C4244: 'Initialisierung': Konvertierung von 'double' in 'int', möglicher Datenverlust
     1>c:\entwicklung\svn\avprg\private\w4\source\colorkeying.cpp(84): warning C4244: 'Initialisierung': Konvertierung von 'double' in 'int', möglicher Datenverlust
     1>c:\entwicklung\svn\avprg\private\w4\source\colorkeying.cpp(85): warning C4244: 'Initialisierung': Konvertierung von 'double' in 'int', möglicher Datenverlust
       ManifestResourceCompile:
         C:\Program Files\Microsoft SDKs\Windows\v7.0A\bin\rc.exe /nologo /fo"Debug\Aufgaben4.exe.embed.manifest.res" Debug\Aufgaben4_manifest.rc 
       Link:
         c:\Program Files\Microsoft Visual Studio 10.0\VC\bin\link.exe /ERRORREPORT:PROMPT /OUT:"C:\Entwicklung\svn\avprg\private\w4\win\Debug\Aufgaben4.exe" /INCREMENTAL /NOLOGO opencv_core246d.lib opencv_imgproc246d.lib opencv_highgui246d.lib opencv_ml246d.lib opencv_video246d.lib opencv_features2d246d.lib opencv_calib3d246d.lib opencv_objdetect246d.lib opencv_contrib246d.lib opencv_legacy246d.lib opencv_flann246d.lib kernel32.lib user32.lib gdi32.lib winspool.lib comdlg32.lib advapi32.lib shell32.lib ole32.lib oleaut32.lib uuid.lib odbc32.lib odbccp32.lib /MANIFEST /ManifestFile:"Debug\Aufgaben4.exe.intermediate.manifest" /MANIFESTUAC:"level='asInvoker' uiAccess='false'" /DEBUG /PDB:"C:\Entwicklung\svn\avprg\private\w4\win\Debug\Aufgaben4.pdb" /SUBSYSTEM:CONSOLE /TLBID:1 /DYNAMICBASE /NXCOMPAT /IMPLIB:"C:\Entwicklung\svn\avprg\private\w4\win\Debug\Aufgaben4.lib" /MACHINE:X86 Debug\Aufgaben4.exe.embed.manifest.res
         Debug\backgroundsubtraction.obj
         Debug\colorkeying.obj
         Debug\cross.obj
         Debug\main.obj
       Manifest:
         C:\Program Files\Microsoft SDKs\Windows\v7.0A\bin\mt.exe /nologo /verbose /out:"Debug\Aufgaben4.exe.embed.manifest" /manifest Debug\Aufgaben4.exe.intermediate.manifest
         C:\Program Files\Microsoft SDKs\Windows\v7.0A\bin\rc.exe /nologo /fo"Debug\Aufgaben4.exe.embed.manifest.res" Debug\Aufgaben4_manifest.rc 
       LinkEmbedManifest:
         c:\Program Files\Microsoft Visual Studio 10.0\VC\bin\link.exe /ERRORREPORT:PROMPT /OUT:"C:\Entwicklung\svn\avprg\private\w4\win\Debug\Aufgaben4.exe" /INCREMENTAL /NOLOGO opencv_core246d.lib opencv_imgproc246d.lib opencv_highgui246d.lib opencv_ml246d.lib opencv_video246d.lib opencv_features2d246d.lib opencv_calib3d246d.lib opencv_objdetect246d.lib opencv_contrib246d.lib opencv_legacy246d.lib opencv_flann246d.lib kernel32.lib user32.lib gdi32.lib winspool.lib comdlg32.lib advapi32.lib shell32.lib ole32.lib oleaut32.lib uuid.lib odbc32.lib odbccp32.lib /MANIFEST /ManifestFile:"Debug\Aufgaben4.exe.intermediate.manifest" /MANIFESTUAC:"level='asInvoker' uiAccess='false'" /DEBUG /PDB:"C:\Entwicklung\svn\avprg\private\w4\win\Debug\Aufgaben4.pdb" /SUBSYSTEM:CONSOLE /TLBID:1 /DYNAMICBASE /NXCOMPAT /IMPLIB:"C:\Entwicklung\svn\avprg\private\w4\win\Debug\Aufgaben4.lib" /MACHINE:X86 Debug\Aufgaben4.exe.embed.manifest.res
         Debug\backgroundsubtraction.obj
         Debug\colorkeying.obj
         Debug\cross.obj
         Debug\main.obj
         Aufgaben4.vcxproj -> C:\Entwicklung\svn\avprg\private\w4\win\Debug\Aufgaben4.exe
       FinalizeBuildStatus:
         Die Datei "Debug\Aufgaben4.unsuccessfulbuild" wird gelöscht.
         Aktualisieren des Timestamps von "Debug\Aufgaben4.lastbuildstate".
     1>Die Erstellung des Projekts "C:\Entwicklung\svn\avprg\private\w4\win\Aufgaben4.vcxproj" ist abgeschlossen, build Ziel(e).

Das Erstellen war erfolgreich.

Verstrichene Zeit 00:00:03.52
